{"contracts/ERC20.sol":{"l":{"31":56,"32":56,"33":56,"34":56,"35":56,"42":4,"51":12,"68":13,"77":8,"78":5,"80":4,"81":4,"82":4,"83":4,"96":26,"98":25,"99":25,"100":25,"117":7,"118":5,"119":4,"121":3,"122":3,"123":3,"124":3,"125":3,"144":7,"146":6,"148":6,"149":6,"168":11,"170":10,"172":6,"173":6,"188":4,"189":3,"190":3,"201":3,"202":3,"203":3,"204":3,"220":8,"221":7,"222":6,"231":7,"232":7,"234":6,"235":6,"236":6},"path":"/Users/eagarzas/Documents/ICash/public-blk-contracts/contracts/ERC20.sol","s":{"1":56,"2":56,"3":56,"4":56,"5":56,"6":4,"7":12,"8":13,"9":8,"10":5,"11":4,"12":4,"13":4,"14":4,"15":26,"16":25,"17":25,"18":25,"19":7,"20":5,"21":4,"22":3,"23":3,"24":3,"25":3,"26":3,"27":7,"28":6,"29":6,"30":6,"31":11,"32":10,"33":6,"34":6,"35":4,"36":3,"37":3,"38":3,"39":3,"40":3,"41":3,"42":8,"43":7,"44":6,"45":7,"46":7,"47":6,"48":6,"49":6},"b":{"1":[5,3],"2":[4,1],"3":[25,1],"4":[5,2],"5":[4,1],"6":[3,1],"7":[6,1],"8":[10,1],"9":[3,1],"10":[3,0],"11":[7,1],"12":[7,0],"13":[6,1]},"f":{"1":56,"2":4,"3":12,"4":13,"5":8,"6":26,"7":7,"8":7,"9":11,"10":4,"11":3,"12":8,"13":7},"fnMap":{"1":{"name":null,"line":30,"loc":{"start":{"line":30,"column":4},"end":{"line":30,"column":100}}},"2":{"name":"totalSupply","line":41,"loc":{"start":{"line":41,"column":4},"end":{"line":41,"column":54}}},"3":{"name":"balanceOf","line":50,"loc":{"start":{"line":50,"column":4},"end":{"line":50,"column":65}}},"4":{"name":"allowance","line":60,"loc":{"start":{"line":60,"column":4},"end":{"line":67,"column":5}}},"5":{"name":"transfer","line":76,"loc":{"start":{"line":76,"column":4},"end":{"line":76,"column":68}}},"6":{"name":"approve","line":95,"loc":{"start":{"line":95,"column":4},"end":{"line":95,"column":72}}},"7":{"name":"transferFrom","line":109,"loc":{"start":{"line":109,"column":4},"end":{"line":116,"column":5}}},"8":{"name":"increaseAllowance","line":137,"loc":{"start":{"line":137,"column":4},"end":{"line":143,"column":5}}},"9":{"name":"decreaseAllowance","line":161,"loc":{"start":{"line":161,"column":4},"end":{"line":167,"column":5}}},"10":{"name":"mint","line":181,"loc":{"start":{"line":181,"column":4},"end":{"line":187,"column":5}}},"11":{"name":"_mint","line":200,"loc":{"start":{"line":200,"column":4},"end":{"line":200,"column":58}}},"12":{"name":"burn","line":213,"loc":{"start":{"line":213,"column":4},"end":{"line":219,"column":5}}},"13":{"name":"_burn","line":230,"loc":{"start":{"line":230,"column":4},"end":{"line":230,"column":58}}}},"statementMap":{"1":{"start":{"line":31,"column":8},"end":{"line":31,"column":33}},"2":{"start":{"line":32,"column":8},"end":{"line":32,"column":42}},"3":{"start":{"line":33,"column":8},"end":{"line":33,"column":23}},"4":{"start":{"line":34,"column":8},"end":{"line":34,"column":27}},"5":{"start":{"line":35,"column":8},"end":{"line":35,"column":31}},"6":{"start":{"line":42,"column":8},"end":{"line":42,"column":27}},"7":{"start":{"line":51,"column":8},"end":{"line":51,"column":31}},"8":{"start":{"line":68,"column":8},"end":{"line":68,"column":39}},"9":{"start":{"line":77,"column":8},"end":{"line":77,"column":46}},"10":{"start":{"line":78,"column":8},"end":{"line":78,"column":32}},"11":{"start":{"line":80,"column":8},"end":{"line":80,"column":63}},"12":{"start":{"line":81,"column":8},"end":{"line":81,"column":47}},"13":{"start":{"line":82,"column":8},"end":{"line":82,"column":44}},"14":{"start":{"line":83,"column":8},"end":{"line":83,"column":19}},"15":{"start":{"line":96,"column":8},"end":{"line":96,"column":37}},"16":{"start":{"line":98,"column":8},"end":{"line":98,"column":44}},"17":{"start":{"line":99,"column":8},"end":{"line":99,"column":49}},"18":{"start":{"line":100,"column":8},"end":{"line":100,"column":19}},"19":{"start":{"line":117,"column":8},"end":{"line":117,"column":40}},"20":{"start":{"line":118,"column":8},"end":{"line":118,"column":51}},"21":{"start":{"line":119,"column":8},"end":{"line":119,"column":32}},"22":{"start":{"line":121,"column":8},"end":{"line":121,"column":51}},"23":{"start":{"line":122,"column":8},"end":{"line":122,"column":47}},"24":{"start":{"line":123,"column":8},"end":{"line":123,"column":73}},"25":{"start":{"line":124,"column":8},"end":{"line":124,"column":38}},"26":{"start":{"line":125,"column":8},"end":{"line":125,"column":19}},"27":{"start":{"line":144,"column":8},"end":{"line":144,"column":37}},"28":{"start":{"line":146,"column":8},"end":{"line":146,"column":4835}},"29":{"start":{"line":148,"column":8},"end":{"line":148,"column":73}},"30":{"start":{"line":149,"column":8},"end":{"line":149,"column":19}},"31":{"start":{"line":168,"column":8},"end":{"line":168,"column":37}},"32":{"start":{"line":170,"column":8},"end":{"line":170,"column":5683}},"33":{"start":{"line":172,"column":8},"end":{"line":172,"column":73}},"34":{"start":{"line":173,"column":8},"end":{"line":173,"column":19}},"35":{"start":{"line":188,"column":8},"end":{"line":188,"column":38}},"36":{"start":{"line":189,"column":8},"end":{"line":189,"column":30}},"37":{"start":{"line":190,"column":8},"end":{"line":190,"column":19}},"38":{"start":{"line":201,"column":8},"end":{"line":201,"column":28}},"39":{"start":{"line":202,"column":8},"end":{"line":202,"column":46}},"40":{"start":{"line":203,"column":8},"end":{"line":203,"column":58}},"41":{"start":{"line":204,"column":8},"end":{"line":204,"column":50}},"42":{"start":{"line":220,"column":8},"end":{"line":220,"column":38}},"43":{"start":{"line":221,"column":8},"end":{"line":221,"column":30}},"44":{"start":{"line":222,"column":8},"end":{"line":222,"column":19}},"45":{"start":{"line":231,"column":8},"end":{"line":231,"column":28}},"46":{"start":{"line":232,"column":8},"end":{"line":232,"column":44}},"47":{"start":{"line":234,"column":8},"end":{"line":234,"column":46}},"48":{"start":{"line":235,"column":8},"end":{"line":235,"column":58}},"49":{"start":{"line":236,"column":8},"end":{"line":236,"column":50}}},"branchMap":{"1":{"line":77,"type":"if","locations":[{"start":{"line":77,"column":8},"end":{"line":77,"column":8}},{"start":{"line":77,"column":8},"end":{"line":77,"column":8}}]},"2":{"line":78,"type":"if","locations":[{"start":{"line":78,"column":8},"end":{"line":78,"column":8}},{"start":{"line":78,"column":8},"end":{"line":78,"column":8}}]},"3":{"line":96,"type":"if","locations":[{"start":{"line":96,"column":8},"end":{"line":96,"column":8}},{"start":{"line":96,"column":8},"end":{"line":96,"column":8}}]},"4":{"line":117,"type":"if","locations":[{"start":{"line":117,"column":8},"end":{"line":117,"column":8}},{"start":{"line":117,"column":8},"end":{"line":117,"column":8}}]},"5":{"line":118,"type":"if","locations":[{"start":{"line":118,"column":8},"end":{"line":118,"column":8}},{"start":{"line":118,"column":8},"end":{"line":118,"column":8}}]},"6":{"line":119,"type":"if","locations":[{"start":{"line":119,"column":8},"end":{"line":119,"column":8}},{"start":{"line":119,"column":8},"end":{"line":119,"column":8}}]},"7":{"line":144,"type":"if","locations":[{"start":{"line":144,"column":8},"end":{"line":144,"column":8}},{"start":{"line":144,"column":8},"end":{"line":144,"column":8}}]},"8":{"line":168,"type":"if","locations":[{"start":{"line":168,"column":8},"end":{"line":168,"column":8}},{"start":{"line":168,"column":8},"end":{"line":168,"column":8}}]},"9":{"line":188,"type":"if","locations":[{"start":{"line":188,"column":8},"end":{"line":188,"column":8}},{"start":{"line":188,"column":8},"end":{"line":188,"column":8}}]},"10":{"line":201,"type":"if","locations":[{"start":{"line":201,"column":8},"end":{"line":201,"column":8}},{"start":{"line":201,"column":8},"end":{"line":201,"column":8}}]},"11":{"line":220,"type":"if","locations":[{"start":{"line":220,"column":8},"end":{"line":220,"column":8}},{"start":{"line":220,"column":8},"end":{"line":220,"column":8}}]},"12":{"line":231,"type":"if","locations":[{"start":{"line":231,"column":8},"end":{"line":231,"column":8}},{"start":{"line":231,"column":8},"end":{"line":231,"column":8}}]},"13":{"line":232,"type":"if","locations":[{"start":{"line":232,"column":8},"end":{"line":232,"column":8}},{"start":{"line":232,"column":8},"end":{"line":232,"column":8}}]}}},"contracts/EscrowAccount.sol":{"l":{"21":4,"22":4,"31":3,"32":1,"40":3},"path":"/Users/eagarzas/Documents/ICash/public-blk-contracts/contracts/EscrowAccount.sol","s":{"1":4,"2":4,"3":1,"4":3},"b":{},"f":{"1":4,"2":3,"3":3},"fnMap":{"1":{"name":null,"line":20,"loc":{"start":{"line":20,"column":4},"end":{"line":20,"column":57}}},"2":{"name":"transfer","line":30,"loc":{"start":{"line":30,"column":4},"end":{"line":30,"column":78}}},"3":{"name":"escrowedAmount","line":39,"loc":{"start":{"line":39,"column":4},"end":{"line":39,"column":57}}}},"statementMap":{"1":{"start":{"line":21,"column":8},"end":{"line":21,"column":34}},"2":{"start":{"line":22,"column":8},"end":{"line":22,"column":31}},"3":{"start":{"line":32,"column":8},"end":{"line":32,"column":19}},"4":{"start":{"line":40,"column":8},"end":{"line":40,"column":36}}},"branchMap":{}},"contracts/ICashToken.sol":{"l":{"35":4,"36":1,"38":3,"39":3,"40":3,"41":3,"51":4},"path":"/Users/eagarzas/Documents/ICash/public-blk-contracts/contracts/ICashToken.sol","s":{"1":4,"2":1,"3":3,"4":3,"5":3,"6":3,"7":4},"b":{"1":[1,3]},"f":{"1":5,"2":4,"3":4},"fnMap":{"1":{"name":null,"line":25,"loc":{"start":{"line":25,"column":4},"end":{"line":26,"column":59}}},"2":{"name":"createEscrow","line":34,"loc":{"start":{"line":34,"column":4},"end":{"line":34,"column":50}}},"3":{"name":"escrowOf","line":50,"loc":{"start":{"line":50,"column":4},"end":{"line":50,"column":64}}}},"statementMap":{"1":{"start":{"line":35,"column":8},"end":{"line":35,"column":864}},"2":{"start":{"line":36,"column":12},"end":{"line":36,"column":45}},"3":{"start":{"line":38,"column":12},"end":{"line":38,"column":66}},"4":{"start":{"line":39,"column":12},"end":{"line":39,"column":49}},"5":{"start":{"line":40,"column":12},"end":{"line":40,"column":53}},"6":{"start":{"line":41,"column":12},"end":{"line":41,"column":28}},"7":{"start":{"line":51,"column":8},"end":{"line":51,"column":36}}},"branchMap":{"1":{"line":35,"type":"if","locations":[{"start":{"line":35,"column":8},"end":{"line":35,"column":8}},{"start":{"line":35,"column":8},"end":{"line":35,"column":8}}]}}},"contracts/IERC20.sol":{"l":{},"path":"/Users/eagarzas/Documents/ICash/public-blk-contracts/contracts/IERC20.sol","s":{},"b":{},"f":{},"fnMap":{},"statementMap":{},"branchMap":{}},"contracts/Ownable.sol":{"l":{"25":66,"32":13,"33":10,"40":1,"41":1,"49":6,"57":6,"58":5,"59":5},"path":"/Users/eagarzas/Documents/ICash/public-blk-contracts/contracts/Ownable.sol","s":{"1":66,"2":13,"3":1,"4":1,"5":6,"6":6,"7":5,"8":5},"b":{"1":[10,3],"2":[5,1]},"f":{"1":66,"2":13,"3":1,"4":6,"5":6},"fnMap":{"1":{"name":null,"line":24,"loc":{"start":{"line":24,"column":4},"end":{"line":24,"column":22}}},"2":{"name":"onlyOwner","line":31,"loc":{"start":{"line":31,"column":4},"end":{"line":31,"column":22}}},"3":{"name":"renounceOwnership","line":39,"loc":{"start":{"line":39,"column":4},"end":{"line":39,"column":47}}},"4":{"name":"transferOwnership","line":48,"loc":{"start":{"line":48,"column":4},"end":{"line":48,"column":64}}},"5":{"name":"_transferOwnership","line":56,"loc":{"start":{"line":56,"column":4},"end":{"line":56,"column":57}}}},"statementMap":{"1":{"start":{"line":25,"column":8},"end":{"line":25,"column":25}},"2":{"start":{"line":32,"column":8},"end":{"line":32,"column":62}},"3":{"start":{"line":40,"column":8},"end":{"line":40,"column":38}},"4":{"start":{"line":41,"column":8},"end":{"line":41,"column":25}},"5":{"start":{"line":49,"column":8},"end":{"line":49,"column":36}},"6":{"start":{"line":57,"column":8},"end":{"line":57,"column":79}},"7":{"start":{"line":58,"column":8},"end":{"line":58,"column":51}},"8":{"start":{"line":59,"column":8},"end":{"line":59,"column":24}}},"branchMap":{"1":{"line":32,"type":"if","locations":[{"start":{"line":32,"column":8},"end":{"line":32,"column":8}},{"start":{"line":32,"column":8},"end":{"line":32,"column":8}}]},"2":{"line":57,"type":"if","locations":[{"start":{"line":57,"column":8},"end":{"line":57,"column":8}},{"start":{"line":57,"column":8},"end":{"line":57,"column":8}}]}}},"contracts/SafeMath.sol":{"l":{"16":3,"17":1,"20":2,"21":2,"23":1,"30":2,"31":1,"34":1,"41":34,"42":29,"44":29,"51":21,"52":21,"54":20,"62":5,"63":4},"path":"/Users/eagarzas/Documents/ICash/public-blk-contracts/contracts/SafeMath.sol","s":{"1":3,"2":1,"3":2,"4":2,"5":1,"6":2,"7":1,"8":1,"9":34,"10":29,"11":29,"12":21,"13":21,"14":20,"15":5,"16":4},"b":{"1":[1,2],"2":[1,1],"3":[1,1],"4":[29,5],"5":[20,1],"6":[4,1]},"f":{"1":3,"2":2,"3":34,"4":21,"5":5},"fnMap":{"1":{"name":"mul","line":12,"loc":{"start":{"line":12,"column":4},"end":{"line":12,"column":68}}},"2":{"name":"div","line":29,"loc":{"start":{"line":29,"column":4},"end":{"line":29,"column":68}}},"3":{"name":"sub","line":40,"loc":{"start":{"line":40,"column":4},"end":{"line":40,"column":68}}},"4":{"name":"add","line":50,"loc":{"start":{"line":50,"column":4},"end":{"line":50,"column":68}}},"5":{"name":"mod","line":61,"loc":{"start":{"line":61,"column":4},"end":{"line":61,"column":68}}}},"statementMap":{"1":{"start":{"line":16,"column":8},"end":{"line":16,"column":573}},"2":{"start":{"line":17,"column":12},"end":{"line":17,"column":20}},"3":{"start":{"line":20,"column":8},"end":{"line":20,"column":24}},"4":{"start":{"line":21,"column":8},"end":{"line":21,"column":26}},"5":{"start":{"line":23,"column":8},"end":{"line":23,"column":16}},"6":{"start":{"line":30,"column":8},"end":{"line":30,"column":21}},"7":{"start":{"line":31,"column":8},"end":{"line":31,"column":24}},"8":{"start":{"line":34,"column":8},"end":{"line":34,"column":16}},"9":{"start":{"line":41,"column":8},"end":{"line":41,"column":22}},"10":{"start":{"line":42,"column":8},"end":{"line":42,"column":24}},"11":{"start":{"line":44,"column":8},"end":{"line":44,"column":16}},"12":{"start":{"line":51,"column":8},"end":{"line":51,"column":24}},"13":{"start":{"line":52,"column":8},"end":{"line":52,"column":22}},"14":{"start":{"line":54,"column":8},"end":{"line":54,"column":16}},"15":{"start":{"line":62,"column":8},"end":{"line":62,"column":22}},"16":{"start":{"line":63,"column":8},"end":{"line":63,"column":20}}},"branchMap":{"1":{"line":16,"type":"if","locations":[{"start":{"line":16,"column":8},"end":{"line":16,"column":8}},{"start":{"line":16,"column":8},"end":{"line":16,"column":8}}]},"2":{"line":21,"type":"if","locations":[{"start":{"line":21,"column":8},"end":{"line":21,"column":8}},{"start":{"line":21,"column":8},"end":{"line":21,"column":8}}]},"3":{"line":30,"type":"if","locations":[{"start":{"line":30,"column":8},"end":{"line":30,"column":8}},{"start":{"line":30,"column":8},"end":{"line":30,"column":8}}]},"4":{"line":41,"type":"if","locations":[{"start":{"line":41,"column":8},"end":{"line":41,"column":8}},{"start":{"line":41,"column":8},"end":{"line":41,"column":8}}]},"5":{"line":52,"type":"if","locations":[{"start":{"line":52,"column":8},"end":{"line":52,"column":8}},{"start":{"line":52,"column":8},"end":{"line":52,"column":8}}]},"6":{"line":62,"type":"if","locations":[{"start":{"line":62,"column":8},"end":{"line":62,"column":8}},{"start":{"line":62,"column":8},"end":{"line":62,"column":8}}]}}},"contracts/SafeMathMock.sol":{"l":{"8":3,"12":2,"16":2,"20":2,"24":5},"path":"/Users/eagarzas/Documents/ICash/public-blk-contracts/contracts/SafeMathMock.sol","s":{"1":3,"2":2,"3":2,"4":2,"5":5},"b":{},"f":{"1":3,"2":2,"3":2,"4":2,"5":5},"fnMap":{"1":{"name":"mul","line":7,"loc":{"start":{"line":7,"column":4},"end":{"line":7,"column":66}}},"2":{"name":"div","line":11,"loc":{"start":{"line":11,"column":4},"end":{"line":11,"column":66}}},"3":{"name":"sub","line":15,"loc":{"start":{"line":15,"column":4},"end":{"line":15,"column":66}}},"4":{"name":"add","line":19,"loc":{"start":{"line":19,"column":4},"end":{"line":19,"column":66}}},"5":{"name":"mod","line":23,"loc":{"start":{"line":23,"column":4},"end":{"line":23,"column":66}}}},"statementMap":{"1":{"start":{"line":8,"column":8},"end":{"line":8,"column":33}},"2":{"start":{"line":12,"column":8},"end":{"line":12,"column":33}},"3":{"start":{"line":16,"column":8},"end":{"line":16,"column":33}},"4":{"start":{"line":20,"column":8},"end":{"line":20,"column":33}},"5":{"start":{"line":24,"column":8},"end":{"line":24,"column":33}}},"branchMap":{}},"contracts/TemplateFactory.sol":{"l":{"29":1,"36":1},"path":"/Users/eagarzas/Documents/ICash/public-blk-contracts/contracts/TemplateFactory.sol","s":{"1":1,"2":1},"b":{},"f":{"1":2,"2":1,"3":1},"fnMap":{"1":{"name":null,"line":15,"loc":{"start":{"line":15,"column":4},"end":{"line":15,"column":22}}},"2":{"name":"sendTemplate","line":28,"loc":{"start":{"line":28,"column":4},"end":{"line":28,"column":32}}},"3":{"name":"sendTemplateConfigurable","line":35,"loc":{"start":{"line":35,"column":4},"end":{"line":35,"column":72}}}},"statementMap":{"1":{"start":{"line":29,"column":8},"end":{"line":29,"column":53}},"2":{"start":{"line":36,"column":8},"end":{"line":36,"column":51}}},"branchMap":{}}}